[    1164ms] [ERROR] Failed to load resource: the server responded with a status of 500 (Internal Server Error) @ http://localhost:3000/:0
[    1323ms] Error: Cannot find module '../chunks/ssr/[turbopack]_runtime.js'
Require stack:
- /Users/michaelhuller/Komand/Projects/personal-dashboard/.next/server/pages/_document.js
- /Users/michaelhuller/Komand/Projects/personal-dashboard/node_modules/next/dist/server/require.js
- /Users/michaelhuller/Komand/Projects/personal-dashboard/node_modules/next/dist/server/load-components.js
- /Users/michaelhuller/Komand/Projects/personal-dashboard/node_modules/next/dist/build/utils.js
- /Users/michaelhuller/Komand/Projects/personal-dashboard/node_modules/next/dist/build/swc/options.js
- /Users/michaelhuller/Komand/Projects/personal-dashboard/node_modules/next/dist/build/swc/index.js
- /Users/michaelhuller/Komand/Projects/personal-dashboard/node_modules/next/dist/build/next-config-ts/transpile-config.js
- /Users/michaelhuller/Komand/Projects/personal-dashboard/node_modules/next/dist/server/config.js
- /Users/michaelhuller/Komand/Projects/personal-dashboard/node_modules/next/dist/server/next.js
- /Users/michaelhuller/Komand/Projects/personal-dashboard/node_modules/next/dist/server/lib/start-server.js
    at Module.<anonymous> (node:internal/modules/cjs/loader:1421:15)
    at <unknown> (file:///Users/michaelhuller/Komand/Projects/personal-dashboard/node_modules/next/dist/server/require-hook.js:57:36)
    at defaultResolveImpl (node:internal/modules/cjs/loader:1059:19)
    at resolveForCJSWithHooks (node:internal/modules/cjs/loader:1064:22)
    at Module._load (node:internal/modules/cjs/loader:1227:37)
    at TracingChannel.traceSync (node:diagnostics_channel:328:14)
    at wrapModuleLoad (node:internal/modules/cjs/loader:245:24)
    at Module.<anonymous> (node:internal/modules/cjs/loader:1504:12)
    at mod.require (file:///Users/michaelhuller/Komand/Projects/personal-dashboard/node_modules/next/dist/server/require-hook.js:68:28)
    at require (node:internal/modules/helpers:152:16)
    at Object.<anonymous> (file:///Users/michaelhuller/Komand/Projects/personal-dashboard/.next/server/pages/_document.js:1:7)
    at Module._compile (node:internal/modules/cjs/loader:1761:14)
    at Object..js (node:internal/modules/cjs/loader:1893:10)
    at Module.load (node:internal/modules/cjs/loader:1481:32)
    at Module._load (node:internal/modules/cjs/loader:1300:12)
    at TracingChannel.traceSync (node:diagnostics_channel:328:14)
    at wrapModuleLoad (node:internal/modules/cjs/loader:245:24)
    at Module.<anonymous> (node:internal/modules/cjs/loader:1504:12)
    at mod.require (file:///Users/michaelhuller/Komand/Projects/personal-dashboard/node_modules/next/dist/server/require-hook.js:68:28)
    at require (node:internal/modules/helpers:152:16)
    at requirePage (file:///Users/michaelhuller/Komand/Projects/personal-dashboard/node_modules/next/dist/server/require.js:99:80)
    at loadComponentsImpl (file:///Users/michaelhuller/Komand/Projects/personal-dashboard/node_modules/next/dist/server/load-components.js:86:38)
    at DevServer.findPageComponentsImpl (file:///Users/michaelhuller/Komand/Projects/personal-dashboard/node_modules/next/dist/server/next-server.js:899:77)
    at <unknown> (file:///Users/michaelhuller/Komand/Projects/personal-dashboard/node_modules/next/dist/server/next-server.js:877:21)
    at <unknown> (file:///Users/michaelhuller/Komand/Projects/personal-dashboard/node_modules/next/dist/server/lib/trace/tracer.js:184:36)
    at NoopContextManager.with (file:///Users/michaelhuller/Komand/Projects/personal-dashboard/node_modules/next/dist/compiled/@opentelemetry/api/index.js:1:7062)
    at ContextAPI.with (file:///Users/michaelhuller/Komand/Projects/personal-dashboard/node_modules/next/dist/compiled/@opentelemetry/api/index.js:1:518)
    at NoopTracer.startActiveSpan (file:///Users/michaelhuller/Komand/Projects/personal-dashboard/node_modules/next/dist/compiled/@opentelemetry/api/index.js:1:18093)
    at ProxyTracer.startActiveSpan (file:///Users/michaelhuller/Komand/Projects/personal-dashboard/node_modules/next/dist/compiled/@opentelemetry/api/index.js:1:18854)
    at <unknown> (file:///Users/michaelhuller/Komand/Projects/personal-dashboard/node_modules/next/dist/server/lib/trace/tracer.js:153:103)
    at NoopContextManager.with (file:///Users/michaelhuller/Komand/Projects/personal-dashboard/node_modules/next/dist/compiled/@opentelemetry/api/index.js:1:7062)
    at ContextAPI.with (file:///Users/michaelhuller/Komand/Projects/personal-dashboard/node_modules/next/dist/compiled/@opentelemetry/api/index.js:1:518)
    at NextTracerImpl.trace (file:///Users/michaelhuller/Komand/Projects/personal-dashboard/node_modules/next/dist/server/lib/trace/tracer.js:153:28)
    at DevServer.findPageComponents (file:///Users/michaelhuller/Komand/Projects/personal-dashboard/node_modules/next/dist/server/next-server.js:872:41)
    at DevServer.findPageComponents (file:///Users/michaelhuller/Komand/Projects/personal-dashboard/node_modules/next/dist/server/dev/next-dev-server.js:706:28)
    at async DevServer.renderErrorToResponseImpl (file:///Users/michaelhuller/Komand/Projects/personal-dashboard/node_modules/next/dist/server/base-server.js:1687:26)
    at async pipe.req.req (file:///Users/michaelhuller/Komand/Projects/personal-dashboard/node_modules/next/dist/server/base-server.js:1610:30)
    at async DevServer.pipeImpl (file:///Users/michaelhuller/Komand/Projects/personal-dashboard/node_modules/next/dist/server/base-server.js:1025:25)
    at async NextNodeServer.handleCatchallRenderRequest (file:///Users/michaelhuller/Komand/Projects/personal-dashboard/node_modules/next/dist/server/next-server.js:408:21)
    at async DevServer.handleRequestImpl (file:///Users/michaelhuller/Komand/Projects/personal-dashboard/node_modules/next/dist/server/base-server.js:916:17)
    at async (file:///Users/michaelhuller/Komand/Projects/personal-dashboard/node_modules/next/dist/server/dev/next-dev-server.js:400:20)
    at async Span.traceAsyncFn (file:///Users/michaelhuller/Komand/Projects/personal-dashboard/node_modules/next/dist/trace/trace.js:157:20)
    at async DevServer.handleRequest (file:///Users/michaelhuller/Komand/Projects/personal-dashboard/node_modules/next/dist/server/dev/next-dev-server.js:396:24)
    at async invokeRender (file:///Users/michaelhuller/Komand/Projects/personal-dashboard/node_modules/next/dist/server/lib/router-server.js:240:21)
    at async handleRequest (file:///Users/michaelhuller/Komand/Projects/personal-dashboard/node_modules/next/dist/server/lib/router-server.js:437:24)
    at async requestHandlerImpl (file:///Users/michaelhuller/Komand/Projects/personal-dashboard/node_modules/next/dist/server/lib/router-server.js:485:13)
    at async Server.requestListener (file:///Users/michaelhuller/Komand/Projects/personal-dashboard/node_modules/next/dist/server/lib/start-server.js:226:13)
